FATAL [main] 2013-02-13 10:21:46,634 repast.simphony.batch.BatchMain - Fatal error starting repast.simphony simphony.
repast.simphony.scenario.ScenarioLoadException: String index out of range: -1
	at repast.simphony.scenario.ScenarioLoader.load(ScenarioLoader.java:219)
	at repast.simphony.batch.BatchRunner.run(BatchRunner.java:104)
	at repast.simphony.batch.BatchMain.run(BatchMain.java:128)
	at repast.simphony.batch.BatchMain.main(BatchMain.java:256)
Caused by: java.lang.StringIndexOutOfBoundsException: String index out of range: -1
	at java.lang.String.substring(Unknown Source)
	at repast.simphony.engine.watcher.WatcheeInstrumentor.processDir(WatcheeInstrumentor.java:358)
	at repast.simphony.engine.watcher.WatcheeInstrumentor.findClasses(WatcheeInstrumentor.java:335)
	at repast.simphony.engine.watcher.WatcheeInstrumentor.addFieldFromWatchers(WatcheeInstrumentor.java:258)
	at repast.simphony.engine.watcher.WatcheeInstrumentor.instrument(WatcheeInstrumentor.java:141)
	at repast.simphony.scenario.ScenarioWatcheeInitializer.initWatchees(ScenarioWatcheeInitializer.java:73)
	at repast.simphony.scenario.ScenarioWatcheeInitializer.run(ScenarioWatcheeInitializer.java:34)
	at repast.simphony.scenario.ScenarioLoader.load(ScenarioLoader.java:113)
	... 3 more
FATAL [main] 2013-02-13 10:24:42,562 repast.simphony.batch.BatchMain - Fatal error starting repast.simphony simphony.
repast.simphony.scenario.ScenarioLoadException: String index out of range: -1
	at repast.simphony.scenario.ScenarioLoader.load(ScenarioLoader.java:219)
	at repast.simphony.batch.BatchRunner.run(BatchRunner.java:104)
	at repast.simphony.batch.BatchMain.run(BatchMain.java:128)
	at repast.simphony.batch.BatchMain.main(BatchMain.java:256)
Caused by: java.lang.StringIndexOutOfBoundsException: String index out of range: -1
	at java.lang.String.substring(Unknown Source)
	at repast.simphony.engine.watcher.WatcheeInstrumentor.processDir(WatcheeInstrumentor.java:358)
	at repast.simphony.engine.watcher.WatcheeInstrumentor.findClasses(WatcheeInstrumentor.java:335)
	at repast.simphony.engine.watcher.WatcheeInstrumentor.addFieldFromWatchers(WatcheeInstrumentor.java:258)
	at repast.simphony.engine.watcher.WatcheeInstrumentor.instrument(WatcheeInstrumentor.java:141)
	at repast.simphony.scenario.ScenarioWatcheeInitializer.initWatchees(ScenarioWatcheeInitializer.java:73)
	at repast.simphony.scenario.ScenarioWatcheeInitializer.run(ScenarioWatcheeInitializer.java:34)
	at repast.simphony.scenario.ScenarioLoader.load(ScenarioLoader.java:113)
	... 3 more
FATAL [main] 2013-04-23 15:09:01,217 repast.simphony.batch.BatchMain - Fatal error starting repast.simphony simphony.
repast.simphony.parameter.IllegalParameterException: Parameter 'death_env' not found in the schema.
	at repast.simphony.parameter.DefaultParameters.getValue(DefaultParameters.java:186)
	at LHP.Parameter.<init>(Parameter.java:86)
	at LHP.ModelSetup.build(ModelSetup.java:57)
	at repast.simphony.dataLoader.engine.ClassNameContextBuilder.build(ClassNameContextBuilder.java:41)
	at repast.simphony.dataLoader.engine.DataLoaderControllerAction.runInitialize(DataLoaderControllerAction.java:48)
	at repast.simphony.engine.controller.DefaultController$2.visit(DefaultController.java:207)
	at repast.simphony.engine.controller.DefaultController$2.visit(DefaultController.java:1)
	at repast.simphony.util.collections.NaryTree.preOrderTraverals(NaryTree.java:287)
	at repast.simphony.util.collections.NaryTree.preOrderTraverals(NaryTree.java:290)
	at repast.simphony.util.collections.NaryTree.preOrderTraverals(NaryTree.java:290)
	at repast.simphony.util.collections.NaryTree.preOrderTraversal(NaryTree.java:283)
	at repast.simphony.engine.controller.DefaultController.runInitialize(DefaultController.java:205)
	at repast.simphony.engine.controller.DefaultController.runInitialize(DefaultController.java:376)
	at repast.simphony.batch.BatchRunner.run(BatchRunner.java:177)
	at repast.simphony.batch.BatchRunner.run(BatchRunner.java:106)
	at repast.simphony.batch.BatchMain.run(BatchMain.java:128)
	at repast.simphony.batch.BatchMain.main(BatchMain.java:256)
FATAL [main] 2013-04-23 15:11:04,837 repast.simphony.batch.BatchMain - Fatal error starting repast.simphony simphony.
repast.simphony.parameter.IllegalParameterException: Parameter 'death_env' not found in the schema.
	at repast.simphony.parameter.DefaultParameters.getValue(DefaultParameters.java:186)
	at LHP.Parameter.<init>(Parameter.java:86)
	at LHP.ModelSetup.build(ModelSetup.java:57)
	at repast.simphony.dataLoader.engine.ClassNameContextBuilder.build(ClassNameContextBuilder.java:41)
	at repast.simphony.dataLoader.engine.DataLoaderControllerAction.runInitialize(DataLoaderControllerAction.java:48)
	at repast.simphony.engine.controller.DefaultController$2.visit(DefaultController.java:207)
	at repast.simphony.engine.controller.DefaultController$2.visit(DefaultController.java:1)
	at repast.simphony.util.collections.NaryTree.preOrderTraverals(NaryTree.java:287)
	at repast.simphony.util.collections.NaryTree.preOrderTraverals(NaryTree.java:290)
	at repast.simphony.util.collections.NaryTree.preOrderTraverals(NaryTree.java:290)
	at repast.simphony.util.collections.NaryTree.preOrderTraversal(NaryTree.java:283)
	at repast.simphony.engine.controller.DefaultController.runInitialize(DefaultController.java:205)
	at repast.simphony.engine.controller.DefaultController.runInitialize(DefaultController.java:376)
	at repast.simphony.batch.BatchRunner.run(BatchRunner.java:177)
	at repast.simphony.batch.BatchRunner.run(BatchRunner.java:106)
	at repast.simphony.batch.BatchMain.run(BatchMain.java:128)
	at repast.simphony.batch.BatchMain.main(BatchMain.java:256)
FATAL [main] 2013-04-23 15:11:29,669 repast.simphony.batch.BatchMain - Fatal error starting repast.simphony simphony.
repast.simphony.parameter.IllegalParameterException: Parameter 'death_host' not found in the schema.
	at repast.simphony.parameter.DefaultParameters.getValue(DefaultParameters.java:186)
	at LHP.Parameter.<init>(Parameter.java:87)
	at LHP.ModelSetup.build(ModelSetup.java:57)
	at repast.simphony.dataLoader.engine.ClassNameContextBuilder.build(ClassNameContextBuilder.java:41)
	at repast.simphony.dataLoader.engine.DataLoaderControllerAction.runInitialize(DataLoaderControllerAction.java:48)
	at repast.simphony.engine.controller.DefaultController$2.visit(DefaultController.java:207)
	at repast.simphony.engine.controller.DefaultController$2.visit(DefaultController.java:1)
	at repast.simphony.util.collections.NaryTree.preOrderTraverals(NaryTree.java:287)
	at repast.simphony.util.collections.NaryTree.preOrderTraverals(NaryTree.java:290)
	at repast.simphony.util.collections.NaryTree.preOrderTraverals(NaryTree.java:290)
	at repast.simphony.util.collections.NaryTree.preOrderTraversal(NaryTree.java:283)
	at repast.simphony.engine.controller.DefaultController.runInitialize(DefaultController.java:205)
	at repast.simphony.engine.controller.DefaultController.runInitialize(DefaultController.java:376)
	at repast.simphony.batch.BatchRunner.run(BatchRunner.java:177)
	at repast.simphony.batch.BatchRunner.run(BatchRunner.java:106)
	at repast.simphony.batch.BatchMain.run(BatchMain.java:128)
	at repast.simphony.batch.BatchMain.main(BatchMain.java:256)
FATAL [main] 2013-04-23 15:14:17,484 repast.simphony.batch.BatchMain - Fatal error starting repast.simphony simphony.
repast.simphony.parameter.IllegalParameterException: Parameter 'death_env' not found in the schema.
	at repast.simphony.parameter.DefaultParameters.getValue(DefaultParameters.java:186)
	at LHP.Parameter.<init>(Parameter.java:87)
	at LHP.ModelSetup.build(ModelSetup.java:57)
	at repast.simphony.dataLoader.engine.ClassNameContextBuilder.build(ClassNameContextBuilder.java:41)
	at repast.simphony.dataLoader.engine.DataLoaderControllerAction.runInitialize(DataLoaderControllerAction.java:48)
	at repast.simphony.engine.controller.DefaultController$2.visit(DefaultController.java:207)
	at repast.simphony.engine.controller.DefaultController$2.visit(DefaultController.java:1)
	at repast.simphony.util.collections.NaryTree.preOrderTraverals(NaryTree.java:287)
	at repast.simphony.util.collections.NaryTree.preOrderTraverals(NaryTree.java:290)
	at repast.simphony.util.collections.NaryTree.preOrderTraverals(NaryTree.java:290)
	at repast.simphony.util.collections.NaryTree.preOrderTraversal(NaryTree.java:283)
	at repast.simphony.engine.controller.DefaultController.runInitialize(DefaultController.java:205)
	at repast.simphony.engine.controller.DefaultController.runInitialize(DefaultController.java:376)
	at repast.simphony.batch.BatchRunner.run(BatchRunner.java:177)
	at repast.simphony.batch.BatchRunner.run(BatchRunner.java:106)
	at repast.simphony.batch.BatchMain.run(BatchMain.java:128)
	at repast.simphony.batch.BatchMain.main(BatchMain.java:256)
FATAL [main] 2013-04-23 15:17:23,982 repast.simphony.batch.BatchMain - Fatal error starting repast.simphony simphony.
repast.simphony.parameter.IllegalParameterException: Parameter 'death_env' not found in the schema.
	at repast.simphony.parameter.DefaultParameters.getValue(DefaultParameters.java:186)
	at LHP.Parameter.<init>(Parameter.java:87)
	at LHP.ModelSetup.build(ModelSetup.java:57)
	at repast.simphony.dataLoader.engine.ClassNameContextBuilder.build(ClassNameContextBuilder.java:41)
	at repast.simphony.dataLoader.engine.DataLoaderControllerAction.runInitialize(DataLoaderControllerAction.java:48)
	at repast.simphony.engine.controller.DefaultController$2.visit(DefaultController.java:207)
	at repast.simphony.engine.controller.DefaultController$2.visit(DefaultController.java:1)
	at repast.simphony.util.collections.NaryTree.preOrderTraverals(NaryTree.java:287)
	at repast.simphony.util.collections.NaryTree.preOrderTraverals(NaryTree.java:290)
	at repast.simphony.util.collections.NaryTree.preOrderTraverals(NaryTree.java:290)
	at repast.simphony.util.collections.NaryTree.preOrderTraversal(NaryTree.java:283)
	at repast.simphony.engine.controller.DefaultController.runInitialize(DefaultController.java:205)
	at repast.simphony.engine.controller.DefaultController.runInitialize(DefaultController.java:376)
	at repast.simphony.batch.BatchRunner.run(BatchRunner.java:177)
	at repast.simphony.batch.BatchRunner.run(BatchRunner.java:106)
	at repast.simphony.batch.BatchMain.run(BatchMain.java:128)
	at repast.simphony.batch.BatchMain.main(BatchMain.java:256)
FATAL [main] 2013-04-23 15:18:21,011 repast.simphony.batch.BatchMain - Fatal error starting repast.simphony simphony.
repast.simphony.parameter.IllegalParameterException: Parameter 'death_env' not found in the schema.
	at repast.simphony.parameter.DefaultParameters.getValue(DefaultParameters.java:186)
	at LHP.Parameter.<init>(Parameter.java:91)
	at LHP.ModelSetup.build(ModelSetup.java:57)
	at repast.simphony.dataLoader.engine.ClassNameContextBuilder.build(ClassNameContextBuilder.java:41)
	at repast.simphony.dataLoader.engine.DataLoaderControllerAction.runInitialize(DataLoaderControllerAction.java:48)
	at repast.simphony.engine.controller.DefaultController$2.visit(DefaultController.java:207)
	at repast.simphony.engine.controller.DefaultController$2.visit(DefaultController.java:1)
	at repast.simphony.util.collections.NaryTree.preOrderTraverals(NaryTree.java:287)
	at repast.simphony.util.collections.NaryTree.preOrderTraverals(NaryTree.java:290)
	at repast.simphony.util.collections.NaryTree.preOrderTraverals(NaryTree.java:290)
	at repast.simphony.util.collections.NaryTree.preOrderTraversal(NaryTree.java:283)
	at repast.simphony.engine.controller.DefaultController.runInitialize(DefaultController.java:205)
	at repast.simphony.engine.controller.DefaultController.runInitialize(DefaultController.java:376)
	at repast.simphony.batch.BatchRunner.run(BatchRunner.java:177)
	at repast.simphony.batch.BatchRunner.run(BatchRunner.java:106)
	at repast.simphony.batch.BatchMain.run(BatchMain.java:128)
	at repast.simphony.batch.BatchMain.main(BatchMain.java:256)
ERROR [main] 2013-04-25 15:28:27,183 saf.core.runtime.Boot - null
java.lang.NullPointerException
	at saf.core.runtime.Boot.init(Boot.java:79)
	at saf.core.runtime.Boot.main(Boot.java:250)
	at repast.simphony.runtime.RepastMain.main(RepastMain.java:43)
ERROR [main] 2013-04-25 15:28:27,242 saf.core.runtime.Boot - null
java.lang.NullPointerException
	at saf.core.runtime.Boot.run(Boot.java:105)
	at saf.core.runtime.Boot.main(Boot.java:251)
	at repast.simphony.runtime.RepastMain.main(RepastMain.java:43)
ERROR [main] 2013-04-26 12:14:13,806 saf.core.runtime.Boot - null
java.lang.NullPointerException
	at saf.core.runtime.Boot.init(Boot.java:79)
	at saf.core.runtime.Boot.main(Boot.java:250)
	at repast.simphony.runtime.RepastMain.main(RepastMain.java:43)
ERROR [main] 2013-04-26 12:14:13,809 saf.core.runtime.Boot - null
java.lang.NullPointerException
	at saf.core.runtime.Boot.run(Boot.java:105)
	at saf.core.runtime.Boot.main(Boot.java:251)
	at repast.simphony.runtime.RepastMain.main(RepastMain.java:43)
ERROR [main] 2013-05-08 12:17:36,536 saf.core.runtime.Boot - null
java.lang.NullPointerException
	at saf.core.runtime.Boot.init(Boot.java:79)
	at saf.core.runtime.Boot.main(Boot.java:250)
	at repast.simphony.runtime.RepastMain.main(RepastMain.java:43)
ERROR [main] 2013-05-08 12:17:36,574 saf.core.runtime.Boot - null
java.lang.NullPointerException
	at saf.core.runtime.Boot.run(Boot.java:105)
	at saf.core.runtime.Boot.main(Boot.java:251)
	at repast.simphony.runtime.RepastMain.main(RepastMain.java:43)
ERROR [main] 2013-05-09 10:47:52,450 saf.core.runtime.Boot - null
java.lang.NullPointerException
	at saf.core.runtime.Boot.init(Boot.java:79)
	at saf.core.runtime.Boot.main(Boot.java:250)
	at repast.simphony.runtime.RepastMain.main(RepastMain.java:43)
ERROR [main] 2013-05-09 10:47:52,557 saf.core.runtime.Boot - null
java.lang.NullPointerException
	at saf.core.runtime.Boot.run(Boot.java:105)
	at saf.core.runtime.Boot.main(Boot.java:251)
	at repast.simphony.runtime.RepastMain.main(RepastMain.java:43)
ERROR [main] 2013-05-09 10:48:10,193 saf.core.runtime.Boot - null
java.lang.NullPointerException
	at saf.core.runtime.Boot.init(Boot.java:79)
	at saf.core.runtime.Boot.main(Boot.java:250)
	at repast.simphony.runtime.RepastMain.main(RepastMain.java:43)
ERROR [main] 2013-05-09 10:48:10,211 saf.core.runtime.Boot - null
java.lang.NullPointerException
	at saf.core.runtime.Boot.run(Boot.java:105)
	at saf.core.runtime.Boot.main(Boot.java:251)
	at repast.simphony.runtime.RepastMain.main(RepastMain.java:43)
WARN  [AWT-EventQueue-0] 2014-05-01 14:33:52,415 repast.simphony.visualization.gis.DisplayGIS - Unable to fully calculate map layer bounds in display
java.lang.NullPointerException
	at repast.simphony.visualization.gis.DisplayGIS.getLayerBounds(DisplayGIS.java:338)
	at repast.simphony.visualization.gis.DisplayGIS.resetHomeView(DisplayGIS.java:363)
	at repast.simphony.ui.widget.VizHomeAction.actionPerformed(VizHomeAction.java:28)
	at javax.swing.AbstractButton.fireActionPerformed(Unknown Source)
	at javax.swing.AbstractButton$Handler.actionPerformed(Unknown Source)
	at javax.swing.DefaultButtonModel.fireActionPerformed(Unknown Source)
	at javax.swing.DefaultButtonModel.setPressed(Unknown Source)
	at javax.swing.plaf.basic.BasicButtonListener.mouseReleased(Unknown Source)
	at java.awt.AWTEventMulticaster.mouseReleased(Unknown Source)
	at java.awt.Component.processMouseEvent(Unknown Source)
	at javax.swing.JComponent.processMouseEvent(Unknown Source)
	at java.awt.Component.processEvent(Unknown Source)
	at java.awt.Container.processEvent(Unknown Source)
	at java.awt.Component.dispatchEventImpl(Unknown Source)
	at java.awt.Container.dispatchEventImpl(Unknown Source)
	at java.awt.Component.dispatchEvent(Unknown Source)
	at java.awt.LightweightDispatcher.retargetMouseEvent(Unknown Source)
	at java.awt.LightweightDispatcher.processMouseEvent(Unknown Source)
	at java.awt.LightweightDispatcher.dispatchEvent(Unknown Source)
	at java.awt.Container.dispatchEventImpl(Unknown Source)
	at java.awt.Window.dispatchEventImpl(Unknown Source)
	at java.awt.Component.dispatchEvent(Unknown Source)
	at java.awt.EventQueue.dispatchEventImpl(Unknown Source)
	at java.awt.EventQueue.access$400(Unknown Source)
	at java.awt.EventQueue$3.run(Unknown Source)
	at java.awt.EventQueue$3.run(Unknown Source)
	at java.security.AccessController.doPrivileged(Native Method)
	at java.security.ProtectionDomain$1.doIntersectionPrivilege(Unknown Source)
	at java.security.ProtectionDomain$1.doIntersectionPrivilege(Unknown Source)
	at java.awt.EventQueue$4.run(Unknown Source)
	at java.awt.EventQueue$4.run(Unknown Source)
	at java.security.AccessController.doPrivileged(Native Method)
	at java.security.ProtectionDomain$1.doIntersectionPrivilege(Unknown Source)
	at java.awt.EventQueue.dispatchEvent(Unknown Source)
	at java.awt.EventDispatchThread.pumpOneEventForFilters(Unknown Source)
	at java.awt.EventDispatchThread.pumpEventsForFilter(Unknown Source)
	at java.awt.EventDispatchThread.pumpEventsForHierarchy(Unknown Source)
	at java.awt.EventDispatchThread.pumpEvents(Unknown Source)
	at java.awt.EventDispatchThread.pumpEvents(Unknown Source)
	at java.awt.EventDispatchThread.run(Unknown Source)
WARN  [AWT-EventQueue-0] 2015-11-13 11:29:21,270 repast.simphony.visualization.gis.DisplayGIS - Unable to fully calculate map layer bounds in display
java.lang.NullPointerException
	at repast.simphony.visualization.gis.DisplayGIS.getLayerBounds(DisplayGIS.java:338)
	at repast.simphony.visualization.gis.DisplayGIS.resetHomeView(DisplayGIS.java:363)
	at repast.simphony.ui.widget.VizHomeAction.actionPerformed(VizHomeAction.java:28)
	at javax.swing.AbstractButton.fireActionPerformed(AbstractButton.java:2018)
	at javax.swing.AbstractButton$Handler.actionPerformed(AbstractButton.java:2341)
	at javax.swing.DefaultButtonModel.fireActionPerformed(DefaultButtonModel.java:402)
	at javax.swing.DefaultButtonModel.setPressed(DefaultButtonModel.java:259)
	at javax.swing.plaf.basic.BasicButtonListener.mouseReleased(BasicButtonListener.java:252)
	at java.awt.AWTEventMulticaster.mouseReleased(AWTEventMulticaster.java:289)
	at java.awt.Component.processMouseEvent(Component.java:6516)
	at javax.swing.JComponent.processMouseEvent(JComponent.java:3320)
	at java.awt.Component.processEvent(Component.java:6281)
	at java.awt.Container.processEvent(Container.java:2229)
	at java.awt.Component.dispatchEventImpl(Component.java:4872)
	at java.awt.Container.dispatchEventImpl(Container.java:2287)
	at java.awt.Component.dispatchEvent(Component.java:4698)
	at java.awt.LightweightDispatcher.retargetMouseEvent(Container.java:4832)
	at java.awt.LightweightDispatcher.processMouseEvent(Container.java:4492)
	at java.awt.LightweightDispatcher.dispatchEvent(Container.java:4422)
	at java.awt.Container.dispatchEventImpl(Container.java:2273)
	at java.awt.Window.dispatchEventImpl(Window.java:2719)
	at java.awt.Component.dispatchEvent(Component.java:4698)
	at java.awt.EventQueue.dispatchEventImpl(EventQueue.java:735)
	at java.awt.EventQueue.access$200(EventQueue.java:103)
	at java.awt.EventQueue$3.run(EventQueue.java:694)
	at java.awt.EventQueue$3.run(EventQueue.java:692)
	at java.security.AccessController.doPrivileged(Native Method)
	at java.security.ProtectionDomain$1.doIntersectionPrivilege(ProtectionDomain.java:76)
	at java.security.ProtectionDomain$1.doIntersectionPrivilege(ProtectionDomain.java:87)
	at java.awt.EventQueue$4.run(EventQueue.java:708)
	at java.awt.EventQueue$4.run(EventQueue.java:706)
	at java.security.AccessController.doPrivileged(Native Method)
	at java.security.ProtectionDomain$1.doIntersectionPrivilege(ProtectionDomain.java:76)
	at java.awt.EventQueue.dispatchEvent(EventQueue.java:705)
	at java.awt.EventDispatchThread.pumpOneEventForFilters(EventDispatchThread.java:242)
	at java.awt.EventDispatchThread.pumpEventsForFilter(EventDispatchThread.java:161)
	at java.awt.EventDispatchThread.pumpEventsForHierarchy(EventDispatchThread.java:150)
	at java.awt.EventDispatchThread.pumpEvents(EventDispatchThread.java:146)
	at java.awt.EventDispatchThread.pumpEvents(EventDispatchThread.java:138)
	at java.awt.EventDispatchThread.run(EventDispatchThread.java:91)
WARN  [AWT-EventQueue-0] 2015-11-13 11:29:24,272 repast.simphony.visualization.gis.DisplayGIS - Unable to fully calculate map layer bounds in display
java.lang.NullPointerException
	at repast.simphony.visualization.gis.DisplayGIS.getLayerBounds(DisplayGIS.java:338)
	at repast.simphony.visualization.gis.DisplayGIS.resetHomeView(DisplayGIS.java:363)
	at repast.simphony.ui.widget.VizHomeAction.actionPerformed(VizHomeAction.java:28)
	at javax.swing.AbstractButton.fireActionPerformed(AbstractButton.java:2018)
	at javax.swing.AbstractButton$Handler.actionPerformed(AbstractButton.java:2341)
	at javax.swing.DefaultButtonModel.fireActionPerformed(DefaultButtonModel.java:402)
	at javax.swing.DefaultButtonModel.setPressed(DefaultButtonModel.java:259)
	at javax.swing.plaf.basic.BasicButtonListener.mouseReleased(BasicButtonListener.java:252)
	at java.awt.AWTEventMulticaster.mouseReleased(AWTEventMulticaster.java:289)
	at java.awt.Component.processMouseEvent(Component.java:6516)
	at javax.swing.JComponent.processMouseEvent(JComponent.java:3320)
	at java.awt.Component.processEvent(Component.java:6281)
	at java.awt.Container.processEvent(Container.java:2229)
	at java.awt.Component.dispatchEventImpl(Component.java:4872)
	at java.awt.Container.dispatchEventImpl(Container.java:2287)
	at java.awt.Component.dispatchEvent(Component.java:4698)
	at java.awt.LightweightDispatcher.retargetMouseEvent(Container.java:4832)
	at java.awt.LightweightDispatcher.processMouseEvent(Container.java:4492)
	at java.awt.LightweightDispatcher.dispatchEvent(Container.java:4422)
	at java.awt.Container.dispatchEventImpl(Container.java:2273)
	at java.awt.Window.dispatchEventImpl(Window.java:2719)
	at java.awt.Component.dispatchEvent(Component.java:4698)
	at java.awt.EventQueue.dispatchEventImpl(EventQueue.java:735)
	at java.awt.EventQueue.access$200(EventQueue.java:103)
	at java.awt.EventQueue$3.run(EventQueue.java:694)
	at java.awt.EventQueue$3.run(EventQueue.java:692)
	at java.security.AccessController.doPrivileged(Native Method)
	at java.security.ProtectionDomain$1.doIntersectionPrivilege(ProtectionDomain.java:76)
	at java.security.ProtectionDomain$1.doIntersectionPrivilege(ProtectionDomain.java:87)
	at java.awt.EventQueue$4.run(EventQueue.java:708)
	at java.awt.EventQueue$4.run(EventQueue.java:706)
	at java.security.AccessController.doPrivileged(Native Method)
	at java.security.ProtectionDomain$1.doIntersectionPrivilege(ProtectionDomain.java:76)
	at java.awt.EventQueue.dispatchEvent(EventQueue.java:705)
	at java.awt.EventDispatchThread.pumpOneEventForFilters(EventDispatchThread.java:242)
	at java.awt.EventDispatchThread.pumpEventsForFilter(EventDispatchThread.java:161)
	at java.awt.EventDispatchThread.pumpEventsForHierarchy(EventDispatchThread.java:150)
	at java.awt.EventDispatchThread.pumpEvents(EventDispatchThread.java:146)
	at java.awt.EventDispatchThread.pumpEvents(EventDispatchThread.java:138)
	at java.awt.EventDispatchThread.run(EventDispatchThread.java:91)
